This file contains any messages produced by compilers while
running configure, to aid debugging if configure makes a mistake.

It was created by libjpeg-turbo configure 1.3.2, which was
generated by GNU Autoconf 2.69.  Invocation command line was

  $ ./configure --with-jpeg8

## --------- ##
## Platform. ##
## --------- ##

hostname = jiengfei-ThinkPad-T410
uname -m = x86_64
uname -r = 3.13.0-36-generic
uname -s = Linux
uname -v = #63-Ubuntu SMP Wed Sep 3 21:30:07 UTC 2014

/usr/bin/uname -p = unknown
/bin/uname -X     = unknown

/bin/arch              = unknown
/usr/bin/arch -k       = unknown
/usr/convex/getsysinfo = unknown
/usr/bin/hostinfo      = unknown
/bin/machine           = unknown
/usr/bin/oslevel       = unknown
/bin/universe          = unknown

PATH: /bin
PATH: /home/jiengfei/bin
PATH: /usr/local/sbin
PATH: /usr/local/bin
PATH: /usr/sbin
PATH: /usr/bin
PATH: /sbin
PATH: /bin
PATH: /usr/games
PATH: /usr/local/games
PATH: /home/jiengfei/android/android-studio/bin
PATH: /home/jiengfei/android/sdk/tools
PATH: /home/jiengfei/android/sdk/platform-tools
PATH: /home/jipengfei/bin
PATH: /home/jiengfei/programs/apache-ant-1.9.4/bin
PATH: /home/jiengfei/sonar_qube/sonar-runner-2.4/bin


## ----------- ##
## Core tests. ##
## ----------- ##

configure:2639: checking for a BSD-compatible install
configure:2707: result: /usr/bin/install -c
configure:2718: checking whether build environment is sane
configure:2773: result: yes
configure:2924: checking for a thread-safe mkdir -p
configure:2963: result: /bin/mkdir -p
configure:2970: checking for gawk
configure:3000: result: no
configure:2970: checking for mawk
configure:2986: found /usr/bin/mawk
configure:2997: result: mawk
configure:3008: checking whether make sets $(MAKE)
configure:3030: result: yes
configure:3059: checking whether make supports nested variables
configure:3076: result: yes
configure:3219: checking whether make supports nested variables
configure:3236: result: yes
configure:3263: checking for style of include used by make
configure:3291: result: GNU
configure:3362: checking for gcc
configure:3378: found /usr/bin/gcc
configure:3389: result: gcc
configure:3618: checking for C compiler version
configure:3627: gcc --version >&5
gcc (Ubuntu 4.8.2-19ubuntu1) 4.8.2
Copyright (C) 2013 Free Software Foundation, Inc.
This is free software; see the source for copying conditions.  There is NO
warranty; not even for MERCHANTABILITY or FITNESS FOR A PARTICULAR PURPOSE.

configure:3638: $? = 0
configure:3627: gcc -v >&5
Using built-in specs.
COLLECT_GCC=gcc
COLLECT_LTO_WRAPPER=/usr/lib/gcc/x86_64-linux-gnu/4.8/lto-wrapper
Target: x86_64-linux-gnu
Configured with: ../src/configure -v --with-pkgversion='Ubuntu 4.8.2-19ubuntu1' --with-bugurl=file:///usr/share/doc/gcc-4.8/README.Bugs --enable-languages=c,c++,java,go,d,fortran,objc,obj-c++ --prefix=/usr --program-suffix=-4.8 --enable-shared --enable-linker-build-id --libexecdir=/usr/lib --without-included-gettext --enable-threads=posix --with-gxx-include-dir=/usr/include/c++/4.8 --libdir=/usr/lib --enable-nls --with-sysroot=/ --enable-clocale=gnu --enable-libstdcxx-debug --enable-libstdcxx-time=yes --enable-gnu-unique-object --disable-libmudflap --enable-plugin --with-system-zlib --disable-browser-plugin --enable-java-awt=gtk --enable-gtk-cairo --with-java-home=/usr/lib/jvm/java-1.5.0-gcj-4.8-amd64/jre --enable-java-home --with-jvm-root-dir=/usr/lib/jvm/java-1.5.0-gcj-4.8-amd64 --with-jvm-jar-dir=/usr/lib/jvm-exports/java-1.5.0-gcj-4.8-amd64 --with-arch-directory=amd64 --with-ecj-jar=/usr/share/java/eclipse-ecj.jar --enable-objc-gc --enable-multiarch --disable-werror --with-arch-32=i686 --with-abi=m64 --with-multilib-list=m32,m64,mx32 --with-tune=generic --enable-checking=release --build=x86_64-linux-gnu --host=x86_64-linux-gnu --target=x86_64-linux-gnu
Thread model: posix
gcc version 4.8.2 (Ubuntu 4.8.2-19ubuntu1) 
configure:3638: $? = 0
configure:3627: gcc -V >&5
gcc: error: unrecognized command line option '-V'
gcc: fatal error: no input files
compilation terminated.
configure:3638: $? = 4
configure:3627: gcc -qversion >&5
gcc: error: unrecognized command line option '-qversion'
gcc: fatal error: no input files
compilation terminated.
configure:3638: $? = 4
configure:3658: checking whether the C compiler works
configure:3680: gcc    conftest.c  >&5
configure:3684: $? = 0
configure:3732: result: yes
configure:3735: checking for C compiler default output file name
configure:3737: result: a.out
configure:3743: checking for suffix of executables
configure:3750: gcc -o conftest    conftest.c  >&5
configure:3754: $? = 0
configure:3776: result: 
configure:3798: checking whether we are cross compiling
configure:3806: gcc -o conftest    conftest.c  >&5
configure:3810: $? = 0
configure:3817: ./conftest
configure:3821: $? = 0
configure:3836: result: no
configure:3841: checking for suffix of object files
configure:3863: gcc -c   conftest.c >&5
configure:3867: $? = 0
configure:3888: result: o
configure:3892: checking whether we are using the GNU C compiler
configure:3911: gcc -c   conftest.c >&5
configure:3911: $? = 0
configure:3920: result: yes
configure:3929: checking whether gcc accepts -g
configure:3949: gcc -c -g  conftest.c >&5
configure:3949: $? = 0
configure:3990: result: yes
configure:4007: checking for gcc option to accept ISO C89
configure:4070: gcc  -c -g -O2  conftest.c >&5
configure:4070: $? = 0
configure:4083: result: none needed
configure:4108: checking whether gcc understands -c and -o together
configure:4130: gcc -c conftest.c -o conftest2.o
configure:4133: $? = 0
configure:4130: gcc -c conftest.c -o conftest2.o
configure:4133: $? = 0
configure:4145: result: yes
configure:4164: checking dependency style of gcc
configure:4275: result: gcc3
configure:4295: checking how to run the C preprocessor
configure:4326: gcc -E  conftest.c
configure:4326: $? = 0
configure:4340: gcc -E  conftest.c
conftest.c:12:28: fatal error: ac_nonexistent.h: No such file or directory
 #include <ac_nonexistent.h>
                            ^
compilation terminated.
configure:4340: $? = 1
configure: failed program was:
| /* confdefs.h */
| #define PACKAGE_NAME "libjpeg-turbo"
| #define PACKAGE_TARNAME "libjpeg-turbo"
| #define PACKAGE_VERSION "1.3.2"
| #define PACKAGE_STRING "libjpeg-turbo 1.3.2"
| #define PACKAGE_BUGREPORT ""
| #define PACKAGE_URL ""
| #define PACKAGE "libjpeg-turbo"
| #define VERSION "1.3.2"
| #define HAVE_PROTOTYPES 1
| /* end confdefs.h.  */
| #include <ac_nonexistent.h>
configure:4365: result: gcc -E
configure:4385: gcc -E  conftest.c
configure:4385: $? = 0
configure:4399: gcc -E  conftest.c
conftest.c:12:28: fatal error: ac_nonexistent.h: No such file or directory
 #include <ac_nonexistent.h>
                            ^
compilation terminated.
configure:4399: $? = 1
configure: failed program was:
| /* confdefs.h */
| #define PACKAGE_NAME "libjpeg-turbo"
| #define PACKAGE_TARNAME "libjpeg-turbo"
| #define PACKAGE_VERSION "1.3.2"
| #define PACKAGE_STRING "libjpeg-turbo 1.3.2"
| #define PACKAGE_BUGREPORT ""
| #define PACKAGE_URL ""
| #define PACKAGE "libjpeg-turbo"
| #define VERSION "1.3.2"
| #define HAVE_PROTOTYPES 1
| /* end confdefs.h.  */
| #include <ac_nonexistent.h>
configure:4475: checking for gcc
configure:4502: result: gcc
configure:4731: checking for C compiler version
configure:4740: gcc --version >&5
gcc (Ubuntu 4.8.2-19ubuntu1) 4.8.2
Copyright (C) 2013 Free Software Foundation, Inc.
This is free software; see the source for copying conditions.  There is NO
warranty; not even for MERCHANTABILITY or FITNESS FOR A PARTICULAR PURPOSE.

configure:4751: $? = 0
configure:4740: gcc -v >&5
Using built-in specs.
COLLECT_GCC=gcc
COLLECT_LTO_WRAPPER=/usr/lib/gcc/x86_64-linux-gnu/4.8/lto-wrapper
Target: x86_64-linux-gnu
Configured with: ../src/configure -v --with-pkgversion='Ubuntu 4.8.2-19ubuntu1' --with-bugurl=file:///usr/share/doc/gcc-4.8/README.Bugs --enable-languages=c,c++,java,go,d,fortran,objc,obj-c++ --prefix=/usr --program-suffix=-4.8 --enable-shared --enable-linker-build-id --libexecdir=/usr/lib --without-included-gettext --enable-threads=posix --with-gxx-include-dir=/usr/include/c++/4.8 --libdir=/usr/lib --enable-nls --with-sysroot=/ --enable-clocale=gnu --enable-libstdcxx-debug --enable-libstdcxx-time=yes --enable-gnu-unique-object --disable-libmudflap --enable-plugin --with-system-zlib --disable-browser-plugin --enable-java-awt=gtk --enable-gtk-cairo --with-java-home=/usr/lib/jvm/java-1.5.0-gcj-4.8-amd64/jre --enable-java-home --with-jvm-root-dir=/usr/lib/jvm/java-1.5.0-gcj-4.8-amd64 --with-jvm-jar-dir=/usr/lib/jvm-exports/java-1.5.0-gcj-4.8-amd64 --with-arch-directory=amd64 --with-ecj-jar=/usr/share/java/eclipse-ecj.jar --enable-objc-gc --enable-multiarch --disable-werror --with-arch-32=i686 --with-abi=m64 --with-multilib-list=m32,m64,mx32 --with-tune=generic --enable-checking=release --build=x86_64-linux-gnu --host=x86_64-linux-gnu --target=x86_64-linux-gnu
Thread model: posix
gcc version 4.8.2 (Ubuntu 4.8.2-19ubuntu1) 
configure:4751: $? = 0
configure:4740: gcc -V >&5
gcc: error: unrecognized command line option '-V'
gcc: fatal error: no input files
compilation terminated.
configure:4751: $? = 4
configure:4740: gcc -qversion >&5
gcc: error: unrecognized command line option '-qversion'
gcc: fatal error: no input files
compilation terminated.
configure:4751: $? = 4
configure:4755: checking whether we are using the GNU C compiler
configure:4783: result: yes
configure:4792: checking whether gcc accepts -g
configure:4853: result: yes
configure:4870: checking for gcc option to accept ISO C89
configure:4946: result: none needed
configure:4971: checking whether gcc understands -c and -o together
configure:5008: result: yes
configure:5027: checking dependency style of gcc
configure:5138: result: gcc3
configure:5203: checking for ar
configure:5219: found /usr/bin/ar
configure:5230: result: ar
configure:5256: checking the archiver (ar) interface
configure:5272: gcc -c -g -O2  conftest.c >&5
configure:5272: $? = 0
configure:5274: ar cru libconftest.a conftest.o >&5
configure:5277: $? = 0
configure:5305: result: ar
configure:5334: checking dependency style of gcc
configure:5443: result: gcc3
configure:5489: checking build system type
configure:5503: result: x86_64-unknown-linux-gnu
configure:5523: checking host system type
configure:5536: result: x86_64-unknown-linux-gnu
configure:5577: checking how to print strings
configure:5604: result: printf
configure:5625: checking for a sed that does not truncate output
configure:5689: result: /bin/sed
configure:5707: checking for grep that handles long lines and -e
configure:5765: result: /bin/grep
configure:5770: checking for egrep
configure:5832: result: /bin/grep -E
configure:5837: checking for fgrep
configure:5899: result: /bin/grep -F
configure:5934: checking for ld used by gcc
configure:6001: result: /usr/bin/ld
configure:6008: checking if the linker (/usr/bin/ld) is GNU ld
configure:6023: result: yes
configure:6035: checking for BSD- or MS-compatible name lister (nm)
configure:6084: result: /usr/bin/nm -B
configure:6214: checking the name lister (/usr/bin/nm -B) interface
configure:6221: gcc -c -g -O2  conftest.c >&5
configure:6224: /usr/bin/nm -B "conftest.o"
configure:6227: output
0000000000000000 B some_variable
configure:6234: result: BSD nm
configure:6237: checking whether ln -s works
configure:6241: result: yes
configure:6249: checking the maximum length of command line arguments
configure:6380: result: 1572864
configure:6397: checking whether the shell understands some XSI constructs
configure:6407: result: yes
configure:6411: checking whether the shell understands "+="
configure:6417: result: yes
configure:6452: checking how to convert x86_64-unknown-linux-gnu file names to x86_64-unknown-linux-gnu format
configure:6492: result: func_convert_file_noop
configure:6499: checking how to convert x86_64-unknown-linux-gnu file names to toolchain format
configure:6519: result: func_convert_file_noop
configure:6526: checking for /usr/bin/ld option to reload object files
configure:6533: result: -r
configure:6607: checking for objdump
configure:6623: found /usr/bin/objdump
configure:6634: result: objdump
configure:6666: checking how to recognize dependent libraries
configure:6864: result: pass_all
configure:6949: checking for dlltool
configure:6979: result: no
configure:7009: checking how to associate runtime and link libraries
configure:7036: result: printf %s\n
configure:7160: checking for archiver @FILE support
configure:7177: gcc -c -g -O2  conftest.c >&5
configure:7177: $? = 0
configure:7180: ar cru libconftest.a @conftest.lst >&5
configure:7183: $? = 0
configure:7188: ar cru libconftest.a @conftest.lst >&5
ar: conftest.o: No such file or directory
configure:7191: $? = 1
configure:7203: result: @
configure:7261: checking for strip
configure:7277: found /usr/bin/strip
configure:7288: result: strip
configure:7360: checking for ranlib
configure:7376: found /usr/bin/ranlib
configure:7387: result: ranlib
configure:7489: checking command to parse /usr/bin/nm -B output from gcc object
configure:7609: gcc -c -g -O2  conftest.c >&5
configure:7612: $? = 0
configure:7616: /usr/bin/nm -B conftest.o \| sed -n -e 's/^.*[ ]\([ABCDGIRSTW][ABCDGIRSTW]*\)[ ][ ]*\([_A-Za-z][_A-Za-z0-9]*\)$/\1 \2 \2/p' | sed '/ __gnu_lto/d' \> conftest.nm
configure:7619: $? = 0
configure:7685: gcc -o conftest -g -O2   conftest.c conftstm.o >&5
configure:7688: $? = 0
configure:7726: result: ok
configure:7763: checking for sysroot
configure:7793: result: no
configure:7870: gcc -c -g -O2  conftest.c >&5
configure:7873: $? = 0
configure:8062: checking for mt
configure:8078: found /bin/mt
configure:8089: result: mt
configure:8112: checking if mt is a manifest tool
configure:8118: mt '-?'
configure:8126: result: no
configure:8764: checking for ANSI C header files
configure:8784: gcc -c -g -O2  conftest.c >&5
configure:8784: $? = 0
configure:8857: gcc -o conftest -g -O2   conftest.c  >&5
configure:8857: $? = 0
configure:8857: ./conftest
configure:8857: $? = 0
configure:8868: result: yes
configure:8881: checking for sys/types.h
configure:8881: gcc -c -g -O2  conftest.c >&5
configure:8881: $? = 0
configure:8881: result: yes
configure:8881: checking for sys/stat.h
configure:8881: gcc -c -g -O2  conftest.c >&5
configure:8881: $? = 0
configure:8881: result: yes
configure:8881: checking for stdlib.h
configure:8881: gcc -c -g -O2  conftest.c >&5
configure:8881: $? = 0
configure:8881: result: yes
configure:8881: checking for string.h
configure:8881: gcc -c -g -O2  conftest.c >&5
configure:8881: $? = 0
configure:8881: result: yes
configure:8881: checking for memory.h
configure:8881: gcc -c -g -O2  conftest.c >&5
configure:8881: $? = 0
configure:8881: result: yes
configure:8881: checking for strings.h
configure:8881: gcc -c -g -O2  conftest.c >&5
configure:8881: $? = 0
configure:8881: result: yes
configure:8881: checking for inttypes.h
configure:8881: gcc -c -g -O2  conftest.c >&5
configure:8881: $? = 0
configure:8881: result: yes
configure:8881: checking for stdint.h
configure:8881: gcc -c -g -O2  conftest.c >&5
configure:8881: $? = 0
configure:8881: result: yes
configure:8881: checking for unistd.h
configure:8881: gcc -c -g -O2  conftest.c >&5
configure:8881: $? = 0
configure:8881: result: yes
configure:8895: checking for dlfcn.h
configure:8895: gcc -c -g -O2  conftest.c >&5
configure:8895: $? = 0
configure:8895: result: yes
configure:9101: checking for objdir
configure:9116: result: .libs
configure:9383: checking if gcc supports -fno-rtti -fno-exceptions
configure:9401: gcc -c -g -O2  -fno-rtti -fno-exceptions conftest.c >&5
cc1: warning: command line option '-fno-rtti' is valid for C++/ObjC++ but not for C [enabled by default]
configure:9405: $? = 0
configure:9418: result: no
configure:9745: checking for gcc option to produce PIC
configure:9752: result: -fPIC -DPIC
configure:9760: checking if gcc PIC flag -fPIC -DPIC works
configure:9778: gcc -c -g -O2  -fPIC -DPIC -DPIC conftest.c >&5
configure:9782: $? = 0
configure:9795: result: yes
configure:9824: checking if gcc static flag -static works
configure:9852: result: yes
configure:9867: checking if gcc supports -c -o file.o
configure:9888: gcc -c -g -O2  -o out/conftest2.o conftest.c >&5
configure:9892: $? = 0
configure:9914: result: yes
configure:9922: checking if gcc supports -c -o file.o
configure:9969: result: yes
configure:10002: checking whether the gcc linker (/usr/bin/ld -m elf_x86_64) supports shared libraries
configure:11159: result: yes
configure:11196: checking whether -lc should be explicitly linked in
configure:11204: gcc -c -g -O2  conftest.c >&5
configure:11207: $? = 0
configure:11222: gcc -shared  -fPIC -DPIC conftest.o  -v -Wl,-soname -Wl,conftest -o conftest 2\>\&1 \| /bin/grep  -lc  \>/dev/null 2\>\&1
configure:11225: $? = 0
configure:11239: result: no
configure:11399: checking dynamic linker characteristics
configure:11899: gcc -o conftest -g -O2   -Wl,-rpath -Wl,/foo conftest.c  >&5
configure:11899: $? = 0
configure:12133: result: GNU/Linux ld.so
configure:12240: checking how to hardcode library paths into programs
configure:12265: result: immediate
configure:12805: checking whether stripping libraries is possible
configure:12810: result: yes
configure:12845: checking if libtool supports shared libraries
configure:12847: result: yes
configure:12850: checking whether to build shared libraries
configure:12871: result: yes
configure:12874: checking whether to build static libraries
configure:12878: result: yes
configure:12915: checking whether ln -s works
configure:12919: result: yes
configure:12962: checking size of long
configure:12967: gcc -o conftest -g -O2   conftest.c  >&5
configure:12967: $? = 0
configure:12967: ./conftest
configure:12967: $? = 0
configure:12981: result: 8
configure:13004: checking whether compiler supports pointers to undefined structures
configure:13017: gcc -c -g -O2  conftest.c >&5
configure:13017: $? = 0
configure:13018: result: yes
configure:13038: checking whether __SUNPRO_C is declared
configure:13038: gcc -c -O3 -Wall conftest.c >&5
conftest.c: In function 'main':
conftest.c:65:10: error: '__SUNPRO_C' undeclared (first use in this function)
   (void) __SUNPRO_C;
          ^
conftest.c:65:10: note: each undeclared identifier is reported only once for each function it appears in
configure:13038: $? = 1
configure: failed program was:
| /* confdefs.h */
| #define PACKAGE_NAME "libjpeg-turbo"
| #define PACKAGE_TARNAME "libjpeg-turbo"
| #define PACKAGE_VERSION "1.3.2"
| #define PACKAGE_STRING "libjpeg-turbo 1.3.2"
| #define PACKAGE_BUGREPORT ""
| #define PACKAGE_URL ""
| #define PACKAGE "libjpeg-turbo"
| #define VERSION "1.3.2"
| #define HAVE_PROTOTYPES 1
| #define STDC_HEADERS 1
| #define HAVE_SYS_TYPES_H 1
| #define HAVE_SYS_STAT_H 1
| #define HAVE_STDLIB_H 1
| #define HAVE_STRING_H 1
| #define HAVE_MEMORY_H 1
| #define HAVE_STRINGS_H 1
| #define HAVE_INTTYPES_H 1
| #define HAVE_STDINT_H 1
| #define HAVE_UNISTD_H 1
| #define HAVE_DLFCN_H 1
| #define LT_OBJDIR ".libs/"
| #define SIZEOF_LONG 8
| /* end confdefs.h.  */
| #include <stdio.h>
| #ifdef HAVE_SYS_TYPES_H
| # include <sys/types.h>
| #endif
| #ifdef HAVE_SYS_STAT_H
| # include <sys/stat.h>
| #endif
| #ifdef STDC_HEADERS
| # include <stdlib.h>
| # include <stddef.h>
| #else
| # ifdef HAVE_STDLIB_H
| #  include <stdlib.h>
| # endif
| #endif
| #ifdef HAVE_STRING_H
| # if !defined STDC_HEADERS && defined HAVE_MEMORY_H
| #  include <memory.h>
| # endif
| # include <string.h>
| #endif
| #ifdef HAVE_STRINGS_H
| # include <strings.h>
| #endif
| #ifdef HAVE_INTTYPES_H
| # include <inttypes.h>
| #endif
| #ifdef HAVE_STDINT_H
| # include <stdint.h>
| #endif
| #ifdef HAVE_UNISTD_H
| # include <unistd.h>
| #endif
| int
| main ()
| {
| #ifndef __SUNPRO_C
| #ifdef __cplusplus
|   (void) __SUNPRO_C;
| #else
|   (void) __SUNPRO_C;
| #endif
| #endif
| 
|   ;
|   return 0;
| }
configure:13038: result: no
configure:13054: checking for ANSI C header files
configure:13158: result: yes
configure:13169: checking stddef.h usability
configure:13169: gcc -c -O3 -Wall conftest.c >&5
configure:13169: $? = 0
configure:13169: result: yes
configure:13169: checking stddef.h presence
configure:13169: gcc -E -Wall conftest.c
configure:13169: $? = 0
configure:13169: result: yes
configure:13169: checking for stddef.h
configure:13169: result: yes
configure:13169: checking for stdlib.h
configure:13169: result: yes
configure:13169: checking locale.h usability
configure:13169: gcc -c -O3 -Wall conftest.c >&5
configure:13169: $? = 0
configure:13169: result: yes
configure:13169: checking locale.h presence
configure:13169: gcc -E -Wall conftest.c
configure:13169: $? = 0
configure:13169: result: yes
configure:13169: checking for locale.h
configure:13169: result: yes
configure:13169: checking for string.h
configure:13169: result: yes
configure:13179: checking for sys/types.h
configure:13179: result: yes
configure:13189: checking for an ANSI C-conforming const
configure:13255: gcc -c -O3 -Wall conftest.c >&5
configure:13255: $? = 0
configure:13262: result: yes
configure:13270: checking whether char is unsigned
configure:13289: gcc -c -O3 -Wall conftest.c >&5
configure:13289: $? = 0
configure:13296: result: no
configure:13303: checking for inline
configure:13319: gcc -c -O3 -Wall conftest.c >&5
configure:13319: $? = 0
configure:13327: result: inline
configure:13345: checking for size_t
configure:13345: gcc -c -O3 -Wall conftest.c >&5
configure:13345: $? = 0
configure:13345: gcc -c -O3 -Wall conftest.c >&5
conftest.c: In function 'main':
conftest.c:67:21: error: expected expression before ')' token
 if (sizeof ((size_t)))
                     ^
configure:13345: $? = 1
configure: failed program was:
| /* confdefs.h */
| #define PACKAGE_NAME "libjpeg-turbo"
| #define PACKAGE_TARNAME "libjpeg-turbo"
| #define PACKAGE_VERSION "1.3.2"
| #define PACKAGE_STRING "libjpeg-turbo 1.3.2"
| #define PACKAGE_BUGREPORT ""
| #define PACKAGE_URL ""
| #define PACKAGE "libjpeg-turbo"
| #define VERSION "1.3.2"
| #define HAVE_PROTOTYPES 1
| #define STDC_HEADERS 1
| #define HAVE_SYS_TYPES_H 1
| #define HAVE_SYS_STAT_H 1
| #define HAVE_STDLIB_H 1
| #define HAVE_STRING_H 1
| #define HAVE_MEMORY_H 1
| #define HAVE_STRINGS_H 1
| #define HAVE_INTTYPES_H 1
| #define HAVE_STDINT_H 1
| #define HAVE_UNISTD_H 1
| #define HAVE_DLFCN_H 1
| #define LT_OBJDIR ".libs/"
| #define SIZEOF_LONG 8
| #define STDC_HEADERS 1
| #define HAVE_STDDEF_H 1
| #define HAVE_STDLIB_H 1
| #define HAVE_LOCALE_H 1
| #define HAVE_STRING_H 1
| #define NEED_SYS_TYPES_H 1
| /* end confdefs.h.  */
| #include <stdio.h>
| #ifdef HAVE_SYS_TYPES_H
| # include <sys/types.h>
| #endif
| #ifdef HAVE_SYS_STAT_H
| # include <sys/stat.h>
| #endif
| #ifdef STDC_HEADERS
| # include <stdlib.h>
| # include <stddef.h>
| #else
| # ifdef HAVE_STDLIB_H
| #  include <stdlib.h>
| # endif
| #endif
| #ifdef HAVE_STRING_H
| # if !defined STDC_HEADERS && defined HAVE_MEMORY_H
| #  include <memory.h>
| # endif
| # include <string.h>
| #endif
| #ifdef HAVE_STRINGS_H
| # include <strings.h>
| #endif
| #ifdef HAVE_INTTYPES_H
| # include <inttypes.h>
| #endif
| #ifdef HAVE_STDINT_H
| # include <stdint.h>
| #endif
| #ifdef HAVE_UNISTD_H
| # include <unistd.h>
| #endif
| int
| main ()
| {
| if (sizeof ((size_t)))
| 	    return 0;
|   ;
|   return 0;
| }
configure:13345: result: yes
configure:13356: checking for unsigned char
configure:13356: gcc -c -O3 -Wall conftest.c >&5
configure:13356: $? = 0
configure:13356: gcc -c -O3 -Wall conftest.c >&5
conftest.c: In function 'main':
conftest.c:67:28: error: expected expression before ')' token
 if (sizeof ((unsigned char)))
                            ^
configure:13356: $? = 1
configure: failed program was:
| /* confdefs.h */
| #define PACKAGE_NAME "libjpeg-turbo"
| #define PACKAGE_TARNAME "libjpeg-turbo"
| #define PACKAGE_VERSION "1.3.2"
| #define PACKAGE_STRING "libjpeg-turbo 1.3.2"
| #define PACKAGE_BUGREPORT ""
| #define PACKAGE_URL ""
| #define PACKAGE "libjpeg-turbo"
| #define VERSION "1.3.2"
| #define HAVE_PROTOTYPES 1
| #define STDC_HEADERS 1
| #define HAVE_SYS_TYPES_H 1
| #define HAVE_SYS_STAT_H 1
| #define HAVE_STDLIB_H 1
| #define HAVE_STRING_H 1
| #define HAVE_MEMORY_H 1
| #define HAVE_STRINGS_H 1
| #define HAVE_INTTYPES_H 1
| #define HAVE_STDINT_H 1
| #define HAVE_UNISTD_H 1
| #define HAVE_DLFCN_H 1
| #define LT_OBJDIR ".libs/"
| #define SIZEOF_LONG 8
| #define STDC_HEADERS 1
| #define HAVE_STDDEF_H 1
| #define HAVE_STDLIB_H 1
| #define HAVE_LOCALE_H 1
| #define HAVE_STRING_H 1
| #define NEED_SYS_TYPES_H 1
| /* end confdefs.h.  */
| #include <stdio.h>
| #ifdef HAVE_SYS_TYPES_H
| # include <sys/types.h>
| #endif
| #ifdef HAVE_SYS_STAT_H
| # include <sys/stat.h>
| #endif
| #ifdef STDC_HEADERS
| # include <stdlib.h>
| # include <stddef.h>
| #else
| # ifdef HAVE_STDLIB_H
| #  include <stdlib.h>
| # endif
| #endif
| #ifdef HAVE_STRING_H
| # if !defined STDC_HEADERS && defined HAVE_MEMORY_H
| #  include <memory.h>
| # endif
| # include <string.h>
| #endif
| #ifdef HAVE_STRINGS_H
| # include <strings.h>
| #endif
| #ifdef HAVE_INTTYPES_H
| # include <inttypes.h>
| #endif
| #ifdef HAVE_STDINT_H
| # include <stdint.h>
| #endif
| #ifdef HAVE_UNISTD_H
| # include <unistd.h>
| #endif
| int
| main ()
| {
| if (sizeof ((unsigned char)))
| 	    return 0;
|   ;
|   return 0;
| }
configure:13356: result: yes
configure:13365: checking for unsigned short
configure:13365: gcc -c -O3 -Wall conftest.c >&5
configure:13365: $? = 0
configure:13365: gcc -c -O3 -Wall conftest.c >&5
conftest.c: In function 'main':
conftest.c:68:29: error: expected expression before ')' token
 if (sizeof ((unsigned short)))
                             ^
configure:13365: $? = 1
configure: failed program was:
| /* confdefs.h */
| #define PACKAGE_NAME "libjpeg-turbo"
| #define PACKAGE_TARNAME "libjpeg-turbo"
| #define PACKAGE_VERSION "1.3.2"
| #define PACKAGE_STRING "libjpeg-turbo 1.3.2"
| #define PACKAGE_BUGREPORT ""
| #define PACKAGE_URL ""
| #define PACKAGE "libjpeg-turbo"
| #define VERSION "1.3.2"
| #define HAVE_PROTOTYPES 1
| #define STDC_HEADERS 1
| #define HAVE_SYS_TYPES_H 1
| #define HAVE_SYS_STAT_H 1
| #define HAVE_STDLIB_H 1
| #define HAVE_STRING_H 1
| #define HAVE_MEMORY_H 1
| #define HAVE_STRINGS_H 1
| #define HAVE_INTTYPES_H 1
| #define HAVE_STDINT_H 1
| #define HAVE_UNISTD_H 1
| #define HAVE_DLFCN_H 1
| #define LT_OBJDIR ".libs/"
| #define SIZEOF_LONG 8
| #define STDC_HEADERS 1
| #define HAVE_STDDEF_H 1
| #define HAVE_STDLIB_H 1
| #define HAVE_LOCALE_H 1
| #define HAVE_STRING_H 1
| #define NEED_SYS_TYPES_H 1
| #define HAVE_UNSIGNED_CHAR 1
| /* end confdefs.h.  */
| #include <stdio.h>
| #ifdef HAVE_SYS_TYPES_H
| # include <sys/types.h>
| #endif
| #ifdef HAVE_SYS_STAT_H
| # include <sys/stat.h>
| #endif
| #ifdef STDC_HEADERS
| # include <stdlib.h>
| # include <stddef.h>
| #else
| # ifdef HAVE_STDLIB_H
| #  include <stdlib.h>
| # endif
| #endif
| #ifdef HAVE_STRING_H
| # if !defined STDC_HEADERS && defined HAVE_MEMORY_H
| #  include <memory.h>
| # endif
| # include <string.h>
| #endif
| #ifdef HAVE_STRINGS_H
| # include <strings.h>
| #endif
| #ifdef HAVE_INTTYPES_H
| # include <inttypes.h>
| #endif
| #ifdef HAVE_STDINT_H
| # include <stdint.h>
| #endif
| #ifdef HAVE_UNISTD_H
| # include <unistd.h>
| #endif
| int
| main ()
| {
| if (sizeof ((unsigned short)))
| 	    return 0;
|   ;
|   return 0;
| }
configure:13365: result: yes
configure:13376: checking if right shift is signed
configure:13405: gcc -o conftest -O3 -Wall  conftest.c  >&5
conftest.c: In function 'main':
conftest.c:51:6: warning: implicit declaration of function 'exit' [-Wimplicit-function-declaration]
      exit(is_shifting_signed(-0x7F7E80B1L));
      ^
conftest.c:51:6: warning: incompatible implicit declaration of built-in function 'exit' [enabled by default]
configure:13405: $? = 0
configure:13405: ./conftest
configure:13405: $? = 1
configure: program exited with status 1
configure: failed program was:
| /* confdefs.h */
| #define PACKAGE_NAME "libjpeg-turbo"
| #define PACKAGE_TARNAME "libjpeg-turbo"
| #define PACKAGE_VERSION "1.3.2"
| #define PACKAGE_STRING "libjpeg-turbo 1.3.2"
| #define PACKAGE_BUGREPORT ""
| #define PACKAGE_URL ""
| #define PACKAGE "libjpeg-turbo"
| #define VERSION "1.3.2"
| #define HAVE_PROTOTYPES 1
| #define STDC_HEADERS 1
| #define HAVE_SYS_TYPES_H 1
| #define HAVE_SYS_STAT_H 1
| #define HAVE_STDLIB_H 1
| #define HAVE_STRING_H 1
| #define HAVE_MEMORY_H 1
| #define HAVE_STRINGS_H 1
| #define HAVE_INTTYPES_H 1
| #define HAVE_STDINT_H 1
| #define HAVE_UNISTD_H 1
| #define HAVE_DLFCN_H 1
| #define LT_OBJDIR ".libs/"
| #define SIZEOF_LONG 8
| #define STDC_HEADERS 1
| #define HAVE_STDDEF_H 1
| #define HAVE_STDLIB_H 1
| #define HAVE_LOCALE_H 1
| #define HAVE_STRING_H 1
| #define NEED_SYS_TYPES_H 1
| #define HAVE_UNSIGNED_CHAR 1
| #define HAVE_UNSIGNED_SHORT 1
| /* end confdefs.h.  */
| #include <stdio.h>
|    int is_shifting_signed (long arg) {
|      long res = arg >> 4;
| 
|      if (res == -0x7F7E80CL)
|        return 1; /* right shift is signed */
| 
|      /* see if unsigned-shift hack will fix it. */
|      /* we can't just test exact value since it depends on width of long... */
|      res |= (~0L) << (32-4);
|      if (res == -0x7F7E80CL)
|        return 0; /* right shift is unsigned */
| 
|      printf("Right shift isn't acting as I expect it to.\n");
|      printf("I fear the JPEG software will not work at all.\n\n");
|      return 0; /* try it with unsigned anyway */
|    }
|    int main (void) {
|      exit(is_shifting_signed(-0x7F7E80B1L));
|    }
configure:13412: result: yes
configure:13421: checking for short external names
configure:13435: gcc -o conftest -O3 -Wall  conftest.c  >&5
configure:13435: $? = 0
configure:13436: result: ok
configure:13452: checking for memset
configure:13452: gcc -o conftest -O3 -Wall  conftest.c  >&5
conftest.c:56:6: warning: conflicting types for built-in function 'memset' [enabled by default]
 char memset ();
      ^
configure:13452: $? = 0
configure:13452: result: yes
configure:13452: checking for memcpy
configure:13452: gcc -o conftest -O3 -Wall  conftest.c  >&5
conftest.c:57:6: warning: conflicting types for built-in function 'memcpy' [enabled by default]
 char memcpy ();
      ^
configure:13452: $? = 0
configure:13452: result: yes
configure:13466: checking libjpeg API version
configure:13494: result: 8.0
configure:13546: checking libjpeg shared library version
configure:13548: result: 8.0.2
configure:13570: checking whether the linker supports version scripts
configure:13590: gcc -o conftest -O3 -Wall  -Wl,--version-script,conftest.map conftest.c  >&5
configure:13590: $? = 0
configure:13592: result: yes (GNU style)
configure:13625: checking whether to use version script when building libjpeg-turbo
configure:13627: result: yes
configure:13641: checking for inline
configure:13656: gcc -c -O3 -Wall conftest.c >&5
conftest.c: In function 'main':
conftest.c:41:1: warning: control reaches end of non-void function [-Wreturn-type]
 } inline __attribute__((always_inline)) int foo() { return 0; }
 ^
configure:13656: $? = 0
configure:13711: result: inline __attribute__((always_inline))
configure:13720: checking whether to include arithmetic encoding support
configure:13736: result: yes
configure:13748: checking whether to include arithmetic decoding support
configure:13764: result: yes
configure:13786: checking whether to build TurboJPEG C wrapper
configure:13799: result: yes
configure:13823: checking whether to build TurboJPEG Java wrapper
configure:13879: result: no
configure:13926: checking if we have SIMD optimisations for cpu type
configure:13930: result: yes (x86_64)
configure:13938: checking for nasm
configure:13968: result: no
configure:13938: checking for nasmw
configure:13968: result: no
configure:13938: checking for yasm
configure:13968: result: no
configure:13976: error: no nasm (Netwide Assembler) found

## ---------------- ##
## Cache variables. ##
## ---------------- ##

ac_cv_build=x86_64-unknown-linux-gnu
ac_cv_c_char_unsigned=no
ac_cv_c_compiler_gnu=yes
ac_cv_c_const=yes
ac_cv_c_inline=inline
ac_cv_env_CCASFLAGS_set=
ac_cv_env_CCASFLAGS_value=
ac_cv_env_CCAS_set=
ac_cv_env_CCAS_value=
ac_cv_env_CC_set=
ac_cv_env_CC_value=
ac_cv_env_CFLAGS_set=
ac_cv_env_CFLAGS_value=
ac_cv_env_CPPFLAGS_set=
ac_cv_env_CPPFLAGS_value=
ac_cv_env_CPP_set=
ac_cv_env_CPP_value=
ac_cv_env_JAR_set=
ac_cv_env_JAR_value=
ac_cv_env_JAVACFLAGS_set=
ac_cv_env_JAVACFLAGS_value=
ac_cv_env_JAVAC_set=
ac_cv_env_JAVAC_value=
ac_cv_env_JAVA_set=
ac_cv_env_JAVA_value=
ac_cv_env_JNI_CFLAGS_set=
ac_cv_env_JNI_CFLAGS_value=
ac_cv_env_JPEG_LIB_VERSION_set=
ac_cv_env_JPEG_LIB_VERSION_value=
ac_cv_env_LDFLAGS_set=
ac_cv_env_LDFLAGS_value=
ac_cv_env_LIBS_set=
ac_cv_env_LIBS_value=
ac_cv_env_PKGNAME_set=
ac_cv_env_PKGNAME_value=
ac_cv_env_SO_MAJOR_VERSION_set=
ac_cv_env_SO_MAJOR_VERSION_value=
ac_cv_env_SO_MINOR_VERSION_set=
ac_cv_env_SO_MINOR_VERSION_value=
ac_cv_env_build_alias_set=
ac_cv_env_build_alias_value=
ac_cv_env_host_alias_set=
ac_cv_env_host_alias_value=
ac_cv_env_target_alias_set=
ac_cv_env_target_alias_value=
ac_cv_func_memcpy=yes
ac_cv_func_memset=yes
ac_cv_have_decl___SUNPRO_C=no
ac_cv_header_dlfcn_h=yes
ac_cv_header_inttypes_h=yes
ac_cv_header_locale_h=yes
ac_cv_header_memory_h=yes
ac_cv_header_stdc=yes
ac_cv_header_stddef_h=yes
ac_cv_header_stdint_h=yes
ac_cv_header_stdlib_h=yes
ac_cv_header_string_h=yes
ac_cv_header_strings_h=yes
ac_cv_header_sys_stat_h=yes
ac_cv_header_sys_types_h=yes
ac_cv_header_unistd_h=yes
ac_cv_host=x86_64-unknown-linux-gnu
ac_cv_objext=o
ac_cv_path_EGREP='/bin/grep -E'
ac_cv_path_FGREP='/bin/grep -F'
ac_cv_path_GREP=/bin/grep
ac_cv_path_SED=/bin/sed
ac_cv_path_install='/usr/bin/install -c'
ac_cv_path_mkdir=/bin/mkdir
ac_cv_prog_AWK=mawk
ac_cv_prog_CPP='gcc -E'
ac_cv_prog_ac_ct_AR=ar
ac_cv_prog_ac_ct_CC=gcc
ac_cv_prog_ac_ct_MANIFEST_TOOL=mt
ac_cv_prog_ac_ct_OBJDUMP=objdump
ac_cv_prog_ac_ct_RANLIB=ranlib
ac_cv_prog_ac_ct_STRIP=strip
ac_cv_prog_cc_c89=
ac_cv_prog_cc_g=yes
ac_cv_prog_make_make_set=yes
ac_cv_sizeof_long=8
ac_cv_type_size_t=yes
ac_cv_type_unsigned_char=yes
ac_cv_type_unsigned_short=yes
am_cv_CCAS_dependencies_compiler_type=gcc3
am_cv_CC_dependencies_compiler_type=gcc3
am_cv_ar_interface=ar
am_cv_make_support_nested_variables=yes
am_cv_prog_cc_c_o=yes
ljt_cv_inline='inline __attribute__((always_inline))'
lt_cv_ar_at_file=@
lt_cv_archive_cmds_need_lc=no
lt_cv_deplibs_check_method=pass_all
lt_cv_file_magic_cmd='$MAGIC_CMD'
lt_cv_file_magic_test_file=
lt_cv_ld_reload_flag=-r
lt_cv_nm_interface='BSD nm'
lt_cv_objdir=.libs
lt_cv_path_LD=/usr/bin/ld
lt_cv_path_NM='/usr/bin/nm -B'
lt_cv_path_mainfest_tool=no
lt_cv_prog_compiler_c_o=yes
lt_cv_prog_compiler_pic='-fPIC -DPIC'
lt_cv_prog_compiler_pic_works=yes
lt_cv_prog_compiler_rtti_exceptions=no
lt_cv_prog_compiler_static_works=yes
lt_cv_prog_gnu_ld=yes
lt_cv_sharedlib_from_linklib_cmd='printf %s\n'
lt_cv_shlibpath_overrides_runpath=no
lt_cv_sys_global_symbol_pipe='sed -n -e '\''s/^.*[	 ]\([ABCDGIRSTW][ABCDGIRSTW]*\)[	 ][	 ]*\([_A-Za-z][_A-Za-z0-9]*\)$/\1 \2 \2/p'\'' | sed '\''/ __gnu_lto/d'\'''
lt_cv_sys_global_symbol_to_c_name_address='sed -n -e '\''s/^: \([^ ]*\)[ ]*$/  {\"\1\", (void *) 0},/p'\'' -e '\''s/^[ABCDGIRSTW]* \([^ ]*\) \([^ ]*\)$/  {"\2", (void *) \&\2},/p'\'''
lt_cv_sys_global_symbol_to_c_name_address_lib_prefix='sed -n -e '\''s/^: \([^ ]*\)[ ]*$/  {\"\1\", (void *) 0},/p'\'' -e '\''s/^[ABCDGIRSTW]* \([^ ]*\) \(lib[^ ]*\)$/  {"\2", (void *) \&\2},/p'\'' -e '\''s/^[ABCDGIRSTW]* \([^ ]*\) \([^ ]*\)$/  {"lib\2", (void *) \&\2},/p'\'''
lt_cv_sys_global_symbol_to_cdecl='sed -n -e '\''s/^T .* \(.*\)$/extern int \1();/p'\'' -e '\''s/^[ABCDGIRSTW]* .* \(.*\)$/extern char \1;/p'\'''
lt_cv_sys_max_cmd_len=1572864
lt_cv_to_host_file_cmd=func_convert_file_noop
lt_cv_to_tool_file_cmd=func_convert_file_noop

## ----------------- ##
## Output variables. ##
## ----------------- ##

ACLOCAL='${SHELL} /home/jiengfei/play/opensource/libjpeg-turbo/jni/missing aclocal-1.14'
AMDEPBACKSLASH='\'
AMDEP_FALSE='#'
AMDEP_TRUE=''
AMTAR='$${TAR-tar}'
AM_BACKSLASH='\'
AM_DEFAULT_V='$(AM_DEFAULT_VERBOSITY)'
AM_DEFAULT_VERBOSITY='0'
AM_V='$(V)'
AR='ar'
AUTOCONF='${SHELL} /home/jiengfei/play/opensource/libjpeg-turbo/jni/missing autoconf'
AUTOHEADER='${SHELL} /home/jiengfei/play/opensource/libjpeg-turbo/jni/missing autoheader'
AUTOMAKE='${SHELL} /home/jiengfei/play/opensource/libjpeg-turbo/jni/missing automake-1.14'
AWK='mawk'
BUILD='20141120'
CC='gcc'
CCAS='gcc'
CCASDEPMODE='depmode=gcc3'
CCASFLAGS='-g -O2'
CCDEPMODE='depmode=gcc3'
CFLAGS='-O3'
CPP='gcc -E'
CPPFLAGS='-Wall'
CYGPATH_W='echo'
DEBARCH=''
DEFS=''
DEPDIR='.deps'
DLLTOOL='false'
DSYMUTIL=''
DUMPBIN=''
ECHO_C=''
ECHO_N='-n'
ECHO_T=''
EGREP='/bin/grep -E'
EXEEXT=''
FGREP='/bin/grep -F'
GREP='/bin/grep'
INSTALL_DATA='${INSTALL} -m 644'
INSTALL_PROGRAM='${INSTALL}'
INSTALL_SCRIPT='${INSTALL}'
INSTALL_STRIP_PROGRAM='$(install_sh) -c -s'
JAR='jar'
JAVA='java'
JAVAC='javac'
JAVACFLAGS=''
JAVA_RPM_CONTENTS_1=''
JAVA_RPM_CONTENTS_2=''
JNI_CFLAGS=''
JPEG_LIB_VERSION='80'
JPEG_LIB_VERSION_DECIMAL='8.0'
LD='/usr/bin/ld -m elf_x86_64'
LDFLAGS=''
LIBOBJS=''
LIBS=''
LIBTOOL='$(SHELL) $(top_builddir)/libtool'
LIBTOOL_CURRENT='8'
LIPO=''
LN_S='ln -s'
LTLIBOBJS=''
MAKEINFO='${SHELL} /home/jiengfei/play/opensource/libjpeg-turbo/jni/missing makeinfo'
MANIFEST_TOOL=':'
MEM_SRCDST_FUNCTIONS=''
MKDIR_P='/bin/mkdir -p'
NAFLAGS=''
NASM=''
NM='/usr/bin/nm -B'
NMEDIT=''
OBJDUMP='objdump'
OBJEXT='o'
OTOOL64=''
OTOOL=''
PACKAGE='libjpeg-turbo'
PACKAGE_BUGREPORT=''
PACKAGE_NAME='libjpeg-turbo'
PACKAGE_STRING='libjpeg-turbo 1.3.2'
PACKAGE_TARNAME='libjpeg-turbo'
PACKAGE_URL=''
PACKAGE_VERSION='1.3.2'
PATH_SEPARATOR=':'
PKGNAME=''
RANLIB='ranlib'
RPMARCH=''
RPM_CONFIG_ARGS=''
SED='/bin/sed'
SET_MAKE=''
SHELL='/bin/sh'
SIMD_ARM_FALSE=''
SIMD_ARM_TRUE=''
SIMD_I386_FALSE=''
SIMD_I386_TRUE=''
SIMD_X86_64_FALSE=''
SIMD_X86_64_TRUE=''
SO_AGE='0'
SO_MAJOR_VERSION='8'
SO_MINOR_VERSION='2'
STRIP='strip'
VERSION='1.3.2'
VERSION_SCRIPT_FALSE='#'
VERSION_SCRIPT_FLAG='-Wl,--version-script,'
VERSION_SCRIPT_TRUE=''
WITH_ARITH_DEC_FALSE='#'
WITH_ARITH_DEC_TRUE=''
WITH_ARITH_ENC_FALSE='#'
WITH_ARITH_ENC_TRUE=''
WITH_ARITH_FALSE='#'
WITH_ARITH_TRUE=''
WITH_JAVA='0'
WITH_JAVA_FALSE=''
WITH_JAVA_TRUE='#'
WITH_SIMD_FALSE=''
WITH_SIMD_TRUE=''
WITH_SSE_FLOAT_DCT_FALSE=''
WITH_SSE_FLOAT_DCT_TRUE=''
WITH_TURBOJPEG_FALSE=''
WITH_TURBOJPEG_TRUE=''
X86_64_FALSE=''
X86_64_TRUE=''
ac_ct_AR='ar'
ac_ct_CC='gcc'
ac_ct_DUMPBIN=''
am__EXEEXT_FALSE=''
am__EXEEXT_TRUE=''
am__fastdepCCAS_FALSE='#'
am__fastdepCCAS_TRUE=''
am__fastdepCC_FALSE='#'
am__fastdepCC_TRUE=''
am__include='include'
am__isrc=''
am__leading_dot='.'
am__nodep='_no'
am__quote=''
am__tar='$${TAR-tar} chof - "$$tardir"'
am__untar='$${TAR-tar} xf -'
bindir='${exec_prefix}/bin'
build='x86_64-unknown-linux-gnu'
build_alias=''
build_cpu='x86_64'
build_os='linux-gnu'
build_vendor='unknown'
datadir='${prefix}'
datarootdir='${prefix}'
docdir='${datarootdir}/doc/${PACKAGE_TARNAME}'
dvidir='${docdir}'
exec_prefix='NONE'
host='x86_64-unknown-linux-gnu'
host_alias=''
host_cpu='x86_64'
host_os='linux-gnu'
host_vendor='unknown'
htmldir='${docdir}'
includedir='${prefix}/include'
infodir='${datarootdir}/info'
install_sh='${SHELL} /home/jiengfei/play/opensource/libjpeg-turbo/jni/install-sh'
libdir='${exec_prefix}/lib64'
libexecdir='${exec_prefix}/libexec'
localedir='${datarootdir}/locale'
localstatedir='${prefix}/var'
mandir='${datarootdir}/man'
mkdir_p='$(MKDIR_P)'
oldincludedir='/usr/include'
pdfdir='${docdir}'
prefix='NONE'
program_transform_name='s,x,x,'
psdir='${docdir}'
sbindir='${exec_prefix}/sbin'
sharedstatedir='${prefix}/com'
sysconfdir='${prefix}/etc'
target_alias=''

## ----------- ##
## confdefs.h. ##
## ----------- ##

/* confdefs.h */
#define PACKAGE_NAME "libjpeg-turbo"
#define PACKAGE_TARNAME "libjpeg-turbo"
#define PACKAGE_VERSION "1.3.2"
#define PACKAGE_STRING "libjpeg-turbo 1.3.2"
#define PACKAGE_BUGREPORT ""
#define PACKAGE_URL ""
#define PACKAGE "libjpeg-turbo"
#define VERSION "1.3.2"
#define HAVE_PROTOTYPES 1
#define STDC_HEADERS 1
#define HAVE_SYS_TYPES_H 1
#define HAVE_SYS_STAT_H 1
#define HAVE_STDLIB_H 1
#define HAVE_STRING_H 1
#define HAVE_MEMORY_H 1
#define HAVE_STRINGS_H 1
#define HAVE_INTTYPES_H 1
#define HAVE_STDINT_H 1
#define HAVE_UNISTD_H 1
#define HAVE_DLFCN_H 1
#define LT_OBJDIR ".libs/"
#define SIZEOF_LONG 8
#define STDC_HEADERS 1
#define HAVE_STDDEF_H 1
#define HAVE_STDLIB_H 1
#define HAVE_LOCALE_H 1
#define HAVE_STRING_H 1
#define NEED_SYS_TYPES_H 1
#define HAVE_UNSIGNED_CHAR 1
#define HAVE_UNSIGNED_SHORT 1
#define HAVE_MEMSET 1
#define HAVE_MEMCPY 1
#define JPEG_LIB_VERSION 80
#define LIBJPEG_TURBO_VERSION 1.3.2
#define INLINE inline __attribute__((always_inline))
#define C_ARITH_CODING_SUPPORTED 1
#define D_ARITH_CODING_SUPPORTED 1

configure: exit 1
